<?xml version="1.0" encoding="UTF-8"?>
<testsuite name="GreeterTest" tests="1" skipped="0" failures="0" errors="0" timestamp="2024-06-10T13:05:50" hostname="Monkeys-MacBook-Pro.local" time="0.031">
  <properties/>
  <testcase name="testThatGreeterReturnsTheCorrectGreeting()" classname="GreeterTest" time="0.031"/>
  <system-out><![CDATA[]]></system-out>
  <system-err><![CDATA[]]></system-err>
</testsuite>
