<?xml version="1.0" encoding="UTF-8"?>
<testsuite name="BadgeTest" tests="4" skipped="0" failures="0" errors="0" timestamp="2024-06-13T09:12:58" hostname="Monkeys-MacBook-Pro.local" time="0.03">
  <properties/>
  <testcase name="Printing a badge for the owner" classname="BadgeTest" time="0.027"/>
  <testcase name="Printing a badge for a new employee" classname="BadgeTest" time="0.001"/>
  <testcase name="Printing a badge for an employee" classname="BadgeTest" time="0.0"/>
  <testcase name="Printing a badge for the owner who is a new employee" classname="BadgeTest" time="0.0"/>
  <system-out><![CDATA[]]></system-out>
  <system-err><![CDATA[]]></system-err>
</testsuite>
